<?xml version="1.0" encoding="UTF-8"?>
<!-- Generated by org.testng.reporters.JUnitXMLReporter -->
<testsuite ignored="0" hostname="CClappy" failures="1" tests="1" name="TestLogin" time="9.668" errors="0" timestamp="2025-06-10T14:15:03 IST">
  <testcase classname="test.LoginTest" name="testValidLogin" time="1.71">
    <failure type="java.lang.AssertionError" message="expected [Just a moment...] but found [nopCommerce demo store. Login]">
      <![CDATA[java.lang.AssertionError: expected [Just a moment...] but found [nopCommerce demo store. Login]
at test.LoginTest.testValidLogin(LoginTest.java:70)
at java.base/java.util.ArrayList.forEach(ArrayList.java:1596)
... Removed 31 stack frames]]>
    </failure>
  </testcase> <!-- testValidLogin -->
</testsuite> <!-- TestLogin -->
